  Action.cpp
  Entity.cpp
  EntityManager.cpp
  GameEngine.cpp
  Physics.cpp
  Scene.cpp
  Scene_EA.cpp
  Scene_LevelEditor.cpp
C:\Program Files\Microsoft Visual Studio\2022\Community\VC\Tools\MSVC\14.33.31629\include\ctgmath(23,22): warning C4996: '_Header_ctgmath': warning STL4004: <ccomplex>, <cstdalign>, <cstdbool>, and <ctgmath> are deprecated in C++17. You can define _SILENCE_CXX17_C_HEADER_DEPRECATION_WARNING or _SILENCE_ALL_CXX17_DEPRECATION_WARNINGS to acknowledge that you have received this warning. (compiling source file ..\src\Scene_EA.cpp)
C:\Users\vilak\Desktop\Folders\2022-2023\CS4300 Game Programming\Final Project\4300_Elons_Adventure\2022-12-15 - Final Project\src\Scene_EA.cpp(74,11): warning C4101: 'nRoomX': unreferenced local variable
C:\Users\vilak\Desktop\Folders\2022-2023\CS4300 Game Programming\Final Project\4300_Elons_Adventure\2022-12-15 - Final Project\src\Scene_EA.cpp(75,54): warning C4101: 'Xi': unreferenced local variable
C:\Users\vilak\Desktop\Folders\2022-2023\CS4300 Game Programming\Final Project\4300_Elons_Adventure\2022-12-15 - Final Project\src\Scene_EA.cpp(74,19): warning C4101: 'nRoomY': unreferenced local variable
C:\Users\vilak\Desktop\Folders\2022-2023\CS4300 Game Programming\Final Project\4300_Elons_Adventure\2022-12-15 - Final Project\src\Scene_EA.cpp(75,51): warning C4101: 'N': unreferenced local variable
C:\Users\vilak\Desktop\Folders\2022-2023\CS4300 Game Programming\Final Project\4300_Elons_Adventure\2022-12-15 - Final Project\src\Scene_EA.cpp(69,18): warning C4101: 'roomY': unreferenced local variable
C:\Users\vilak\Desktop\Folders\2022-2023\CS4300 Game Programming\Final Project\4300_Elons_Adventure\2022-12-15 - Final Project\src\Scene_EA.cpp(69,11): warning C4101: 'roomX': unreferenced local variable
C:\Users\vilak\Desktop\Folders\2022-2023\CS4300 Game Programming\Final Project\4300_Elons_Adventure\2022-12-15 - Final Project\src\Scene_EA.cpp(75,58): warning C4101: 'Yi': unreferenced local variable
C:\Users\vilak\Desktop\Folders\2022-2023\CS4300 Game Programming\Final Project\4300_Elons_Adventure\2022-12-15 - Final Project\src\Scene_EA.cpp(300,27): warning C4305: 'initializing': truncation from 'double' to 'float'
C:\Users\vilak\Desktop\Folders\2022-2023\CS4300 Game Programming\Final Project\4300_Elons_Adventure\2022-12-15 - Final Project\src\Scene_EA.cpp(444,16): warning C4101: 'xRoom': unreferenced local variable
C:\Users\vilak\Desktop\Folders\2022-2023\CS4300 Game Programming\Final Project\4300_Elons_Adventure\2022-12-15 - Final Project\src\Scene_EA.cpp(444,23): warning C4101: 'yRoom': unreferenced local variable
C:\Program Files\Microsoft Visual Studio\2022\Community\VC\Tools\MSVC\14.33.31629\include\ctgmath(23,22): warning C4996: '_Header_ctgmath': warning STL4004: <ccomplex>, <cstdalign>, <cstdbool>, and <ctgmath> are deprecated in C++17. You can define _SILENCE_CXX17_C_HEADER_DEPRECATION_WARNING or _SILENCE_ALL_CXX17_DEPRECATION_WARNINGS to acknowledge that you have received this warning. (compiling source file ..\src\Scene_LevelEditor.cpp)
C:\Users\vilak\Desktop\Folders\2022-2023\CS4300 Game Programming\Final Project\4300_Elons_Adventure\2022-12-15 - Final Project\src\Scene_LevelEditor.cpp(60,11): warning C4101: 'nRoomX': unreferenced local variable
C:\Users\vilak\Desktop\Folders\2022-2023\CS4300 Game Programming\Final Project\4300_Elons_Adventure\2022-12-15 - Final Project\src\Scene_LevelEditor.cpp(60,19): warning C4101: 'nRoomY': unreferenced local variable
C:\Users\vilak\Desktop\Folders\2022-2023\CS4300 Game Programming\Final Project\4300_Elons_Adventure\2022-12-15 - Final Project\src\Scene_LevelEditor.cpp(55,18): warning C4101: 'roomY': unreferenced local variable
C:\Users\vilak\Desktop\Folders\2022-2023\CS4300 Game Programming\Final Project\4300_Elons_Adventure\2022-12-15 - Final Project\src\Scene_LevelEditor.cpp(55,11): warning C4101: 'roomX': unreferenced local variable
C:\Users\vilak\Desktop\Folders\2022-2023\CS4300 Game Programming\Final Project\4300_Elons_Adventure\2022-12-15 - Final Project\src\Entity.h(70,5): warning C4267: 'argument': conversion from 'size_t' to 'int', possible loss of data (compiling source file ..\src\Scene_EA.cpp)
C:\Users\vilak\Desktop\Folders\2022-2023\CS4300 Game Programming\Final Project\4300_Elons_Adventure\2022-12-15 - Final Project\src\Scene_EA.cpp(150): message : see reference to function template instantiation 'T &Entity::addComponent<CLifeSpan,int,size_t&>(int &&,size_t &)' being compiled
          with
          [
              T=CLifeSpan
          ]
  Scene_Map.cpp
  Scene_Menu.cpp
  Scene_Volume.cpp
  main.cpp
C:\Program Files\Microsoft Visual Studio\2022\Community\VC\Tools\MSVC\14.33.31629\include\ctgmath(23,22): warning C4996: '_Header_ctgmath': warning STL4004: <ccomplex>, <cstdalign>, <cstdbool>, and <ctgmath> are deprecated in C++17. You can define _SILENCE_CXX17_C_HEADER_DEPRECATION_WARNING or _SILENCE_ALL_CXX17_DEPRECATION_WARNINGS to acknowledge that you have received this warning. (compiling source file ..\src\Scene_Map.cpp)
C:\Program Files\Microsoft Visual Studio\2022\Community\VC\Tools\MSVC\14.33.31629\include\ctgmath(23,22): warning C4996: '_Header_ctgmath': warning STL4004: <ccomplex>, <cstdalign>, <cstdbool>, and <ctgmath> are deprecated in C++17. You can define _SILENCE_CXX17_C_HEADER_DEPRECATION_WARNING or _SILENCE_ALL_CXX17_DEPRECATION_WARNINGS to acknowledge that you have received this warning. (compiling source file ..\src\Scene_Volume.cpp)
C:\Program Files\Microsoft Visual Studio\2022\Community\VC\Tools\MSVC\14.33.31629\include\ctgmath(23,22): warning C4996: '_Header_ctgmath': warning STL4004: <ccomplex>, <cstdalign>, <cstdbool>, and <ctgmath> are deprecated in C++17. You can define _SILENCE_CXX17_C_HEADER_DEPRECATION_WARNING or _SILENCE_ALL_CXX17_DEPRECATION_WARNINGS to acknowledge that you have received this warning. (compiling source file ..\src\Scene_Menu.cpp)
C:\Users\vilak\Desktop\Folders\2022-2023\CS4300 Game Programming\Final Project\4300_Elons_Adventure\2022-12-15 - Final Project\src\Scene_Map.cpp(182,56): warning C4305: 'argument': truncation from 'double' to 'float'
C:\Users\vilak\Desktop\Folders\2022-2023\CS4300 Game Programming\Final Project\4300_Elons_Adventure\2022-12-15 - Final Project\src\Scene_Menu.cpp(184,58): warning C4305: 'argument': truncation from 'double' to 'float'
C:\Users\vilak\Desktop\Folders\2022-2023\CS4300 Game Programming\Final Project\4300_Elons_Adventure\2022-12-15 - Final Project\src\Scene_Menu.cpp(191,58): warning C4305: 'argument': truncation from 'double' to 'float'
C:\Users\vilak\Desktop\Folders\2022-2023\CS4300 Game Programming\Final Project\4300_Elons_Adventure\2022-12-15 - Final Project\src\Scene_Menu.cpp(198,58): warning C4305: 'argument': truncation from 'double' to 'float'
C:\Users\vilak\Desktop\Folders\2022-2023\CS4300 Game Programming\Final Project\4300_Elons_Adventure\2022-12-15 - Final Project\src\Scene_Menu.cpp(206,58): warning C4305: 'argument': truncation from 'double' to 'float'
C:\Users\vilak\Desktop\Folders\2022-2023\CS4300 Game Programming\Final Project\4300_Elons_Adventure\2022-12-15 - Final Project\src\Scene_Menu.cpp(213,58): warning C4305: 'argument': truncation from 'double' to 'float'
C:\Users\vilak\Desktop\Folders\2022-2023\CS4300 Game Programming\Final Project\4300_Elons_Adventure\2022-12-15 - Final Project\src\Scene_Menu.cpp(220,58): warning C4305: 'argument': truncation from 'double' to 'float'
C:\Users\vilak\Desktop\Folders\2022-2023\CS4300 Game Programming\Final Project\4300_Elons_Adventure\2022-12-15 - Final Project\src\Scene_Menu.cpp(247,56): warning C4305: 'argument': truncation from 'double' to 'float'
  SFMLGame.vcxproj -> C:\Users\vilak\Desktop\Folders\2022-2023\CS4300 Game Programming\Final Project\4300_Elons_Adventure\2022-12-15 - Final Project\bin\SFMLGame_d.exe
